<?xml version="1.0" encoding="UTF-8"?>
<!-- Generated by org.testng.reporters.JUnitReportReporter -->
<testsuite skipped="0" hostname="MacBook-Air.local" name="elvee.TestRun.SampleTest" tests="1" failures="0" timestamp="29 Jul 2020 06:14:19 GMT" time="12.484" errors="0">
  <testcase name="runner" time="12.484" classname="elvee.TestRun.SampleTest"/>
</testsuite> <!-- elvee.TestRun.SampleTest -->
